########### array before sorts ###########
0	-0.635000	-0.635000	38.405000	-0.635000	n
1	38.405000	-0.635000	38.405000	50.790000	n
2	38.405000	50.790000	-0.635000	50.790000	n
3	-0.635000	50.790000	-0.635000	-0.635000	n
Tolerance=0.050000.
*Exact match for i=0 and j=1.
*i point -0.635000	-0.635000	38.405000	-0.635000	y
*Exact match for i=1 and j=2.
*i point 38.405000	-0.635000	38.405000	50.790000	y
*Exact match for i=2 and j=3.
*i point 38.405000	50.790000	-0.635000	50.790000	y
########### array after sorts ###########
0	-0.635000	-0.635000	38.405000	-0.635000	y
1	38.405000	-0.635000	38.405000	50.790000	y
2	38.405000	50.790000	-0.635000	50.790000	y
3	-0.635000	50.790000	-0.635000	-0.635000	y
***************
.BOARD_OUTLINE UNOWNED
1.6
0     -0.635000     -0.635000     0
0     38.405000     -0.635000     0
0     38.405000     50.790000     0
0     -0.635000     50.790000     0
0     -0.635000     -0.635000     0
